Using pre-set license
Built from '2021.1/staging' branch; Version is '2021.1.7f1 (d91830b65d9b) revision 14227504'; Using compiler version '192528614'; Build Type 'Release'
OS: 'Windows 10 Pro; OS build 19041.985; Version 2004; 64bit' Language: 'en' Physical Memory: 8109 MB
BatchMode: 1, IsHumanControllingUs: 0, StartBugReporterOnCrash: 0, Is64bit: 1, IsPro: 0

 COMMAND LINE ARGUMENTS:
C:\Program Files\2021.1.7f1\Editor\Unity.exe
-adb2
-batchMode
-noUpm
-name
AssetImportWorker0
-projectPath
C:/Users/ccarp/Desktop/Grover/Pick-Bonus
-logFile
Logs/AssetImportWorker0.log
-srvPort
54995
Successfully changed project path to: C:/Users/ccarp/Desktop/Grover/Pick-Bonus
C:/Users/ccarp/Desktop/Grover/Pick-Bonus
Using Asset Import Pipeline V2.
Refreshing native plugins compatible for Editor in 105.77 ms, found 1 plugins.
Preloading 0 native plugins for Editor in 0.00 ms.
Initialize engine version: 2021.1.7f1 (d91830b65d9b)
[Subsystems] Discovering subsystems at path C:/Program Files/2021.1.7f1/Editor/Data/Resources/UnitySubsystems
[Subsystems] Discovering subsystems at path C:/Users/ccarp/Desktop/Grover/Pick-Bonus/Assets
GfxDevice: creating device client; threaded=0; jobified=0
Direct3D:
    Version:  Direct3D 11.0 [level 11.1]
    Renderer: Intel(R) HD Graphics 620 (ID=0x5916)
    Vendor:   Intel
    VRAM:     4054 MB
    Driver:   27.20.100.8682
Initialize mono
Mono path[0] = 'C:/Program Files/2021.1.7f1/Editor/Data/Managed'
Mono path[1] = 'C:/Program Files/2021.1.7f1/Editor/Data/MonoBleedingEdge/lib/mono/unityjit'
Mono config path = 'C:/Program Files/2021.1.7f1/Editor/Data/MonoBleedingEdge/etc'
Using monoOptions --debugger-agent=transport=dt_socket,embedding=1,server=y,suspend=n,address=127.0.0.1:56872
Begin MonoManager ReloadAssembly
Registering precompiled unity dll's ...
Register platform support module: C:/Program Files/2021.1.7f1/Editor/Data/PlaybackEngines/WindowsStandaloneSupport/UnityEditor.WindowsStandalone.Extensions.dll
Registered in 0.002625 seconds.
Native extension for WindowsStandalone target not found
Refreshing native plugins compatible for Editor in 99.55 ms, found 1 plugins.
Preloading 0 native plugins for Editor in 0.00 ms.
Mono: successfully reloaded assembly
- Completed reload, in  1.703 seconds
Platform modules already initialized, skipping
Registering precompiled user dll's ...
Registered in 0.005559 seconds.
Begin MonoManager ReloadAssembly
Native extension for WindowsStandalone target not found
Refreshing native plugins compatible for Editor in 0.60 ms, found 1 plugins.
Preloading 0 native plugins for Editor in 0.00 ms.
Mono: successfully reloaded assembly
- Completed reload, in  1.420 seconds
Platform modules already initialized, skipping
========================================================================
Worker process is ready to serve import requests
Launched and connected shader compiler UnityShaderCompiler.exe after 0.07 seconds
Refreshing native plugins compatible for Editor in 0.57 ms, found 1 plugins.
Preloading 0 native plugins for Editor in 0.00 ms.
Unloading 2739 Unused Serialized files (Serialized files now loaded: 0)
System memory in use before: 100.3 MB.
System memory in use after: 100.5 MB.

Unloading 14 unused Assets to reduce memory usage. Loaded Objects now: 3191.
Total: 2.846500 ms (FindLiveObjects: 0.262200 ms CreateObjectMapping: 0.167600 ms MarkObjects: 2.339600 ms  DeleteObjects: 0.075500 ms)

========================================================================
Received Import Request.
  path: Assets/Textures
  artifactKey: Guid(6b70611d80174a041b2b2aa354d1e0a3) Importer(815301076,1909f56bfc062723c751e8b465ee728b)
Start importing Assets/Textures using Guid(6b70611d80174a041b2b2aa354d1e0a3) Importer(815301076,1909f56bfc062723c751e8b465ee728b)  -> (artifact id: 'e5ae0845462e55a5ea049e1e5b0cb6b8') in 0.022901 seconds 
========================================================================
Received Import Request.
  Time since last request: 6.932886 seconds.
  path: Assets/UnderWater.jpg
  artifactKey: Guid(8a99bb1884a050545830ddaef013af1d) Importer(815301076,1909f56bfc062723c751e8b465ee728b)
Start importing Assets/UnderWater.jpg using Guid(8a99bb1884a050545830ddaef013af1d) Importer(815301076,1909f56bfc062723c751e8b465ee728b)  -> (artifact id: '55ab0b470008f859d9afc1e661504fff') in 0.397022 seconds 
========================================================================
Received Import Request.
  Time since last request: 12.995086 seconds.
  path: Assets/Chest.cs
  artifactKey: Guid(bb845471248019a468508786abfa36fa) Importer(815301076,1909f56bfc062723c751e8b465ee728b)
Start importing Assets/Chest.cs using Guid(bb845471248019a468508786abfa36fa) Importer(815301076,1909f56bfc062723c751e8b465ee728b)  -> (artifact id: 'fb6159af6c5666539aea01701fe16fc7') in 0.039552 seconds 
========================================================================
Received Import Request.
  Time since last request: 7.876827 seconds.
  path: Assets/Scripts
  artifactKey: Guid(76b38d6725371ba459ee6985993a16cd) Importer(815301076,1909f56bfc062723c751e8b465ee728b)
Start importing Assets/Scripts using Guid(76b38d6725371ba459ee6985993a16cd) Importer(815301076,1909f56bfc062723c751e8b465ee728b)  -> (artifact id: '6e6f2e69a3e85556995f5990371315eb') in 0.065042 seconds 
========================================================================
Received Prepare
Registering precompiled user dll's ...
Registered in 0.004686 seconds.
Begin MonoManager ReloadAssembly
Native extension for WindowsStandalone target not found
Refreshing native plugins compatible for Editor in 0.60 ms, found 1 plugins.
Preloading 0 native plugins for Editor in 0.00 ms.
Mono: successfully reloaded assembly
- Completed reload, in  1.412 seconds
Platform modules already initialized, skipping
Refreshing native plugins compatible for Editor in 1.36 ms, found 1 plugins.
Preloading 0 native plugins for Editor in 0.00 ms.
Unloading 2733 Unused Serialized files (Serialized files now loaded: 0)
System memory in use before: 104.3 MB.
System memory in use after: 104.5 MB.

Unloading 9 unused Assets to reduce memory usage. Loaded Objects now: 3214.
Total: 4.055000 ms (FindLiveObjects: 0.413700 ms CreateObjectMapping: 0.298900 ms MarkObjects: 3.310200 ms  DeleteObjects: 0.030000 ms)

========================================================================
Received Import Request.
  Time since last request: 49.724937 seconds.
  path: Assets/Scripts/GameManager.cs
  artifactKey: Guid(e453815d081237f44bc47948e686f869) Importer(815301076,1909f56bfc062723c751e8b465ee728b)
Start importing Assets/Scripts/GameManager.cs using Guid(e453815d081237f44bc47948e686f869) Importer(815301076,1909f56bfc062723c751e8b465ee728b)  -> (artifact id: '0a42c9449f8015b78ed3b30027708b62') in 0.022811 seconds 
========================================================================
Received Prepare
Registering precompiled user dll's ...
Registered in 0.009286 seconds.
Begin MonoManager ReloadAssembly
Native extension for WindowsStandalone target not found
Refreshing native plugins compatible for Editor in 0.68 ms, found 1 plugins.
Preloading 0 native plugins for Editor in 0.00 ms.
Mono: successfully reloaded assembly
- Completed reload, in  2.323 seconds
Platform modules already initialized, skipping
Refreshing native plugins compatible for Editor in 0.76 ms, found 1 plugins.
Preloading 0 native plugins for Editor in 0.00 ms.
Unloading 2733 Unused Serialized files (Serialized files now loaded: 0)
System memory in use before: 104.3 MB.
System memory in use after: 104.5 MB.

Unloading 9 unused Assets to reduce memory usage. Loaded Objects now: 3217.
Total: 2.982100 ms (FindLiveObjects: 0.311100 ms CreateObjectMapping: 0.197400 ms MarkObjects: 2.446900 ms  DeleteObjects: 0.025200 ms)

========================================================================
Received Import Request.
  Time since last request: 608.087082 seconds.
  path: Assets/Scripts/GameManager.cs
  artifactKey: Guid(e453815d081237f44bc47948e686f869) Importer(815301076,1909f56bfc062723c751e8b465ee728b)
Start importing Assets/Scripts/GameManager.cs using Guid(e453815d081237f44bc47948e686f869) Importer(815301076,1909f56bfc062723c751e8b465ee728b)  -> (artifact id: '99ec2372bf09cfc8cdb5606831e7968e') in 0.011839 seconds 
========================================================================
Received Prepare
Registering precompiled user dll's ...
Registered in 0.006269 seconds.
Begin MonoManager ReloadAssembly
Native extension for WindowsStandalone target not found
Refreshing native plugins compatible for Editor in 0.80 ms, found 1 plugins.
Preloading 0 native plugins for Editor in 0.00 ms.
Mono: successfully reloaded assembly
- Completed reload, in  1.496 seconds
Platform modules already initialized, skipping
Refreshing native plugins compatible for Editor in 0.78 ms, found 1 plugins.
Preloading 0 native plugins for Editor in 0.00 ms.
Unloading 2733 Unused Serialized files (Serialized files now loaded: 0)
System memory in use before: 104.3 MB.
System memory in use after: 104.6 MB.

Unloading 9 unused Assets to reduce memory usage. Loaded Objects now: 3220.
Total: 3.556400 ms (FindLiveObjects: 0.314200 ms CreateObjectMapping: 0.213500 ms MarkObjects: 2.995800 ms  DeleteObjects: 0.027200 ms)

========================================================================
Received Import Request.
  Time since last request: 324.464528 seconds.
  path: Assets/Scene
  artifactKey: Guid(46a9efc3db20dc747b3e5e7ea5a10024) Importer(815301076,1909f56bfc062723c751e8b465ee728b)
Start importing Assets/Scene using Guid(46a9efc3db20dc747b3e5e7ea5a10024) Importer(815301076,1909f56bfc062723c751e8b465ee728b)  -> (artifact id: 'f177c3ac55511eeb79457775c7a23661') in 0.088315 seconds 
========================================================================
Received Import Request.
  Time since last request: 1.826505 seconds.
  path: Assets/Scene/Game.unity
  artifactKey: Guid(98d2acf8f49372a46890d4b4c9ceb48f) Importer(815301076,1909f56bfc062723c751e8b465ee728b)
Start importing Assets/Scene/Game.unity using Guid(98d2acf8f49372a46890d4b4c9ceb48f) Importer(815301076,1909f56bfc062723c751e8b465ee728b)  -> (artifact id: '710a61f399147a5666fda129436c903e') in 0.046341 seconds 
AssetImportWorkerClient::OnTransportError - code=2 error=End of file
